This is XeTeX, Version 3.1415926-2.2-0.9995.2 (TeX Live 2009) (format=xelatex 2009.11.7)  9 NOV 2010 16:43
entering extended mode
 %&-line parsing enabled.
**getting_started.tex
(./getting_started.tex
LaTeX2e <2009/09/24>
Babel <v3.8l> and hyphenation patterns for english, usenglishmax, dumylang, noh
yphenation, german-x-2009-06-19, ngerman-x-2009-06-19, ancientgreek, ibycus, ar
abic, basque, bulgarian, catalan, pinyin, coptic, croatian, czech, danish, dutc
h, esperanto, estonian, farsi, finnish, french, galician, german, ngerman, mono
greek, greek, hungarian, icelandic, indonesian, interlingua, irish, italian, ku
rmanji, latin, latvian, lithuanian, mongolian, mongolian2a, bokmal, nynorsk, po
lish, portuguese, romanian, russian, sanskrit, serbian, slovak, slovenian, span
ish, swedish, turkish, ukenglish, ukrainian, uppersorbian, welsh, loaded.
(/usr/local/texlive/2009/texmf-dist/tex/latex/base/article.cls
Document Class: article 2007/10/19 v1.4h Standard LaTeX document class
(/usr/local/texlive/2009/texmf-dist/tex/latex/base/size11.clo
File: size11.clo 2007/10/19 v1.4h Standard LaTeX file (size option)
)
\c@part=\count80
\c@section=\count81
\c@subsection=\count82
\c@subsubsection=\count83
\c@paragraph=\count84
\c@subparagraph=\count85
\c@figure=\count86
\c@table=\count87
\abovecaptionskip=\skip41
\belowcaptionskip=\skip42
\bibindent=\dimen102
)
(/usr/local/texlive/2009/texmf-dist/tex/latex/geometry/geometry.sty
Package: geometry 2008/12/21 v4.2 Page Geometry

(/usr/local/texlive/2009/texmf-dist/tex/latex/graphics/keyval.sty
Package: keyval 1999/03/16 v1.13 key=value parser (DPC)
\KV@toks@=\toks14
)
(/usr/local/texlive/2009/texmf-dist/tex/generic/oberdiek/ifpdf.sty
Package: ifpdf 2009/04/10 v2.0 Provides the ifpdf switch (HO)
Package ifpdf Info: pdfTeX in pdf mode not detected.
)
(/usr/local/texlive/2009/texmf-dist/tex/generic/oberdiek/ifvtex.sty
Package: ifvtex 2008/11/04 v1.4 Switches for detecting VTeX and its modes (HO)
Package ifvtex Info: VTeX not detected.
)
\Gm@cnth=\count88
\Gm@cntv=\count89
\c@Gm@tempcnt=\count90
\Gm@bindingoffset=\dimen103
\Gm@wd@mp=\dimen104
\Gm@odd@mp=\dimen105
\Gm@even@mp=\dimen106
\Gm@dimlist=\toks15

(/usr/local/texlive/2009/texmf-dist/tex/xelatex/xetexconfig/geometry.cfg))
(/usr/local/texlive/2009/texmf-dist/tex/latex/graphics/graphicx.sty
Package: graphicx 1999/02/16 v1.0f Enhanced LaTeX Graphics (DPC,SPQR)

(/usr/local/texlive/2009/texmf-dist/tex/latex/graphics/graphics.sty
Package: graphics 2009/02/05 v1.0o Standard LaTeX Graphics (DPC,SPQR)

(/usr/local/texlive/2009/texmf-dist/tex/latex/graphics/trig.sty
Package: trig 1999/03/16 v1.09 sin cos tan (DPC)
)
(/usr/local/texlive/2009/texmf-dist/tex/latex/latexconfig/graphics.cfg
File: graphics.cfg 2009/08/28 v1.8 graphics configuration of TeX Live
)
Package graphics Info: Driver file: xetex.def on input line 91.

(/usr/local/texlive/2009/texmf-dist/tex/xelatex/xetex-def/xetex.def
File: xetex.def 2009/10/28 v0.93 LaTeX color/graphics driver for XeTeX (RRM, mo
d. JK)
))
\Gin@req@height=\dimen107
\Gin@req@width=\dimen108
)
(/usr/local/texlive/2009/texmf-dist/tex/latex/amsfonts/amssymb.sty
Package: amssymb 2009/06/22 v3.00

(/usr/local/texlive/2009/texmf-dist/tex/latex/amsfonts/amsfonts.sty
Package: amsfonts 2009/06/22 v3.00 Basic AMSFonts support
\@emptytoks=\toks16
\symAMSa=\mathgroup4
\symAMSb=\mathgroup5
LaTeX Font Info:    Overwriting math alphabet `\mathfrak' in version `bold'
(Font)                  U/euf/m/n --> U/euf/b/n on input line 96.
))
(/usr/local/texlive/2009/texmf-dist/tex/latex/ltxmisc/url.sty
\Urlmuskip=\muskip10
Package: url 2006/04/12  ver 3.3  Verb mode for urls, etc.
)
(/usr/local/texlive/2009/texmf-dist/tex/latex/tools/verbatim.sty
Package: verbatim 2003/08/22 v1.5q LaTeX2e package for verbatim enhancements
\every@verbatim=\toks17
\verbatim@line=\toks18
\verbatim@in@stream=\read1
)
(/usr/local/texlive/2009/texmf-dist/tex/latex/graphics/color.sty
Package: color 2005/11/14 v1.0j Standard LaTeX Color (DPC)

(/usr/local/texlive/2009/texmf-dist/tex/latex/latexconfig/color.cfg
File: color.cfg 2007/01/18 v1.5 color configuration of teTeX/TeXLive
)
Package color Info: Driver file: xetex.def on input line 130.
)
(/usr/local/texlive/2009/texmf-dist/tex/latex/listings/listings.sty
\lst@mode=\count91
\lst@gtempboxa=\box26
\lst@token=\toks19
\lst@length=\count92
\lst@currlwidth=\dimen109
\lst@column=\count93
\lst@pos=\count94
\lst@lostspace=\dimen110
\lst@width=\dimen111
\lst@newlines=\count95
\lst@lineno=\count96
\lst@maxwidth=\dimen112

(/usr/local/texlive/2009/texmf-dist/tex/latex/listings/lstmisc.sty
File: lstmisc.sty 2007/02/22 1.4 (Carsten Heinz)
\c@lstnumber=\count97
\lst@skipnumbers=\count98
\lst@framebox=\box27
)
(/usr/local/texlive/2009/texmf-dist/tex/latex/listings/listings.cfg
File: listings.cfg 2007/02/22 1.4 listings configuration
))
Package: listings 2007/02/22 1.4 (Carsten Heinz)

(/usr/local/texlive/2009/texmf-dist/tex/latex/listings/lstlang1.sty
File: lstlang1.sty 2004/09/05 1.3 listings language file
)
(/usr/local/texlive/2009/texmf-dist/tex/latex/listings/lstmisc.sty
File: lstmisc.sty 2007/02/22 1.4 (Carsten Heinz)
)
(/usr/local/texlive/2009/texmf-dist/tex/xelatex/fontspec/fontspec.sty
Package: fontspec 2008/08/09 v1.18 Advanced font selection for XeLaTeX

(/usr/local/texlive/2009/texmf-dist/tex/generic/ifxetex/ifxetex.sty
Package: ifxetex 2009/01/23 v0.5 Provides ifxetex conditional
)
\c@zf@newff=\count99
\c@zf@index=\count100
\c@zf@script=\count101
\c@zf@language=\count102

(/usr/local/texlive/2009/texmf-dist/tex/latex/tools/calc.sty
Package: calc 2007/08/22 v4.3 Infix arithmetic (KKT,FJ)
\calc@Acount=\count103
\calc@Bcount=\count104
\calc@Adimen=\dimen113
\calc@Bdimen=\dimen114
\calc@Askip=\skip43
\calc@Bskip=\skip44
LaTeX Info: Redefining \setlength on input line 76.
LaTeX Info: Redefining \addtolength on input line 77.
\calc@Ccount=\count105
\calc@Cskip=\skip45
)
(/usr/local/texlive/2009/texmf-dist/tex/latex/xkeyval/xkeyval.sty
Package: xkeyval 2008/08/13 v2.6a package option processing (HA)

(/usr/local/texlive/2009/texmf-dist/tex/generic/xkeyval/xkeyval.tex
\XKV@toks=\toks20
\XKV@tempa@toks=\toks21
\XKV@depth=\count106
File: xkeyval.tex 2008/08/13 v2.6a key=value parser (HA)
))
(/usr/local/texlive/2009/texmf-dist/tex/latex/base/fontenc.sty
Package: fontenc 2005/09/27 v1.99g Standard LaTeX package

(/usr/local/texlive/2009/texmf-dist/tex/xelatex/euenc/eu1enc.def
File: eu1enc.def 2008/03/08 v0.1d Experimental unicode font encoding
)
LaTeX Font Info:    Try loading font information for EU1+lmr on input line 100.


(/usr/local/texlive/2009/texmf-dist/tex/xelatex/euenc/eu1lmr.fd
File: eu1lmr.fd 2007/01/14 v1.3 Font defs for Latin Modern
))
LaTeX Info: Redefining \itshape on input line 1163.
LaTeX Info: Redefining \slshape on input line 1166.
LaTeX Info: Redefining \scshape on input line 1169.
LaTeX Info: Redefining \upshape on input line 1172.

fontspec.cfg loaded.
(/usr/local/texlive/2009/texmf-dist/tex/xelatex/fontspec/fontspec.cfg))
(/usr/local/texlive/2009/texmf-dist/tex/xelatex/xltxtra/xltxtra.sty
Package: xltxtra 2009/09/02 v0.5 Improvements for the "XeLaTeX" format

(/usr/local/texlive/2009/texmf-dist/tex/xelatex/xunicode/xunicode.sty
File: xunicode.sty 2008/02/08 v0.91 provides access to latin accents and many o
ther characters in Unicode lower plane
)
(/usr/local/texlive/2009/texmf-dist/tex/latex/metalogo/metalogo.sty
Package: metalogo 2009/09/04 v0.11 Extended TeX logo macros
\xl@everylogo=\toks22
\xl@@everylogo=\toks23
LaTeX Info: Redefining \TeX on input line 193.
LaTeX Info: Redefining \LaTeX on input line 202.
LaTeX Info: Redefining \LaTeXe on input line 219.
)
(/usr/local/texlive/2009/texmf-dist/tex/latex/etex-pkg/etex.sty
Package: etex 1998/03/26 v2.0 eTeX basic definition package (PEB)
\et@xins=\count107
)
(/usr/local/texlive/2009/texmf-dist/tex/latex/base/fixltx2e.sty
Package: fixltx2e 2006/09/13 v1.1m fixes to LaTeX
LaTeX Info: Redefining \em on input line 420.
)
LaTeX Info: Redefining \em on input line 72.
LaTeX Info: Redefining \emph on input line 81.
LaTeX Info: Redefining \- on input line 86.
LaTeX Info: Redefining \textsubscript on input line 105.
LaTeX Info: Redefining \textsuperscript on input line 107.
\xxt@tempbox=\box28
)
\c@zf@famc@Georgia=\count108
Package fontspec Info: Defining font family for 'Georgia' with options [Mapping
=tex-text,Mapping=tex-text] on input line 72.
Package fontspec Info: Gill Sans scale = 1.07343 on input line 73.
\c@zf@famc@Gill Sans=\count109
Package fontspec Info: Defining font family for 'Gill Sans' with options [Mappi
ng=tex-text,Scale=MatchLowercase,Mapping=tex-text] on input line 73.
Package fontspec Info: Gill Sans scale = 1.07343 on input line 73.
Package fontspec Info: Gill Sans/B scale = 0.96846 on input line 73.
Package fontspec Info: Gill Sans/I scale = 1.07343 on input line 73.
Package fontspec Info: Gill Sans/BI scale = 0.96846 on input line 73.
Package fontspec Info: Monaco scale = 0.88219 on input line 74.
\c@zf@famc@Monaco=\count110
Package fontspec Info: Defining font family for 'Monaco' with options [Mapping=
tex-text,Scale=MatchLowercase] on input line 74.
Package fontspec Info: Monaco scale = 0.88219 on input line 74.
Package fontspec Info: Could not resolve font Monaco/B (it might not exist) on 
input line 74.
Package fontspec Info: Could not resolve font Monaco/I (it might not exist) on 
input line 74.
Package fontspec Info: Could not resolve font Monaco/BI (it might not exist) on
 input line 74.

(./getting_started.aux)
\openout1 = `getting_started.aux'.

LaTeX Font Info:    Checking defaults for OML/cmm/m/it on input line 92.
LaTeX Font Info:    ... okay on input line 92.
LaTeX Font Info:    Checking defaults for T1/cmr/m/n on input line 92.
LaTeX Font Info:    ... okay on input line 92.
LaTeX Font Info:    Checking defaults for OT1/cmr/m/n on input line 92.
LaTeX Font Info:    ... okay on input line 92.
LaTeX Font Info:    Checking defaults for OMS/cmsy/m/n on input line 92.
LaTeX Font Info:    ... okay on input line 92.
LaTeX Font Info:    Checking defaults for OMX/cmex/m/n on input line 92.
LaTeX Font Info:    ... okay on input line 92.
LaTeX Font Info:    Checking defaults for U/cmr/m/n on input line 92.
LaTeX Font Info:    ... okay on input line 92.
LaTeX Font Info:    Checking defaults for EU1/lmr/m/n on input line 92.
LaTeX Font Info:    ... okay on input line 92.

*geometry detected driver: pdftex*
-------------------- Geometry parameters
paper: a4paper
landscape: --
twocolumn: --
twoside: --
asymmetric: --
h-parts: 89.62709pt, 0.7\paperwidth , 89.6271pt (default)
v-parts: 101.40665pt, 0.7\paperheight , 152.11pt (default)
hmarginratio: 1:1
vmarginratio: 2:3
lines: --
heightrounded: --
bindingoffset: 0.0pt
truedimen: --
includehead: --
includefoot: --
includemp: --
driver: pdftex
-------------------- Page layout dimensions and switches
\paperwidth  597.50787pt
\paperheight 845.04684pt
\textwidth  418.25368pt
\textheight 591.5302pt
\oddsidemargin  17.3571pt
\evensidemargin 17.3571pt
\topmargin  -7.86334pt
\headheight 12.0pt
\headsep    25.0pt
\footskip   30.0pt
\marginparwidth 59.0pt
\marginparsep   10.0pt
\columnsep  10.0pt
\skip\footins  10.0pt plus 4.0pt minus 2.0pt
\hoffset 0.0pt
\voffset 0.0pt
\mag 1000

(1in=72.27pt, 1cm=28.45pt)
-----------------------
\c@lstlisting=\count111
Package fontspec Info: Adjusting the maths setup (use [no-math] to avoid this).
 on input line 92.
\symlegacymaths=\mathgroup6
LaTeX Font Info:    Overwriting symbol font `legacymaths' in version `bold'
(Font)                  OT1/cmr/m/n --> OT1/cmr/bx/n on input line 92.
LaTeX Font Info:    Redeclaring math accent \acute on input line 92.
LaTeX Font Info:    Redeclaring math accent \grave on input line 92.
LaTeX Font Info:    Redeclaring math accent \ddot on input line 92.
LaTeX Font Info:    Redeclaring math accent \tilde on input line 92.
LaTeX Font Info:    Redeclaring math accent \bar on input line 92.
LaTeX Font Info:    Redeclaring math accent \breve on input line 92.
LaTeX Font Info:    Redeclaring math accent \check on input line 92.
LaTeX Font Info:    Redeclaring math accent \hat on input line 92.
LaTeX Font Info:    Redeclaring math accent \dot on input line 92.
LaTeX Font Info:    Redeclaring math accent \mathring on input line 92.
LaTeX Font Info:    Redeclaring math symbol \colon on input line 92.
LaTeX Font Info:    Redeclaring math symbol \Gamma on input line 92.
LaTeX Font Info:    Redeclaring math symbol \Delta on input line 92.
LaTeX Font Info:    Redeclaring math symbol \Theta on input line 92.
LaTeX Font Info:    Redeclaring math symbol \Lambda on input line 92.
LaTeX Font Info:    Redeclaring math symbol \Xi on input line 92.
LaTeX Font Info:    Redeclaring math symbol \Pi on input line 92.
LaTeX Font Info:    Redeclaring math symbol \Sigma on input line 92.
LaTeX Font Info:    Redeclaring math symbol \Upsilon on input line 92.
LaTeX Font Info:    Redeclaring math symbol \Phi on input line 92.
LaTeX Font Info:    Redeclaring math symbol \Psi on input line 92.
LaTeX Font Info:    Redeclaring math symbol \Omega on input line 92.
LaTeX Font Info:    Redeclaring math symbol \mathdollar on input line 92.
LaTeX Font Info:    Redeclaring symbol font `operators' on input line 92.
LaTeX Font Info:    Encoding `OT1' has changed to `EU1' for symbol font
(Font)              `operators' in the math version `normal' on input line 92.
LaTeX Font Info:    Overwriting symbol font `operators' in version `normal'
(Font)                  OT1/cmr/m/n --> EU1/Georgia(0)/m/n on input line 92.
LaTeX Font Info:    Encoding `OT1' has changed to `EU1' for symbol font
(Font)              `operators' in the math version `bold' on input line 92.
LaTeX Font Info:    Overwriting symbol font `operators' in version `bold'
(Font)                  OT1/cmr/bx/n --> EU1/Georgia(0)/m/n on input line 92.
LaTeX Font Info:    Overwriting symbol font `operators' in version `normal'
(Font)                  EU1/Georgia(0)/m/n --> EU1/Georgia(0)/m/n on input line
 92.
LaTeX Font Info:    Overwriting math alphabet `\mathrm' in version `normal'
(Font)                  EU1/Georgia(0)/m/n --> EU1/Georgia(0)/m/n on input line
 92.
LaTeX Font Info:    Overwriting math alphabet `\mathit' in version `normal'
(Font)                  OT1/cmr/m/it --> EU1/Georgia(0)/m/it on input line 92.
LaTeX Font Info:    Overwriting math alphabet `\mathbf' in version `normal'
(Font)                  OT1/cmr/bx/n --> EU1/Georgia(0)/bx/n on input line 92.
LaTeX Font Info:    Overwriting math alphabet `\mathsf' in version `normal'
(Font)                  OT1/cmss/m/n --> EU1/GillSans(0)/m/n on input line 92.
LaTeX Font Info:    Overwriting math alphabet `\mathtt' in version `normal'
(Font)                  OT1/cmtt/m/n --> EU1/Monaco(0)/m/n on input line 92.
LaTeX Font Info:    Overwriting symbol font `operators' in version `bold'
(Font)                  EU1/Georgia(0)/m/n --> EU1/Georgia(0)/bx/n on input lin
e 92.
LaTeX Font Info:    Overwriting math alphabet `\mathrm' in version `bold'
(Font)                  EU1/Georgia(0)/m/n --> EU1/Georgia(0)/bx/n on input lin
e 92.
LaTeX Font Info:    Overwriting math alphabet `\mathit' in version `bold'
(Font)                  OT1/cmr/bx/it --> EU1/Georgia(0)/bx/it on input line 92
.
LaTeX Font Info:    Overwriting math alphabet `\mathsf' in version `bold'
(Font)                  OT1/cmss/bx/n --> EU1/GillSans(0)/bx/n on input line 92
.
LaTeX Font Info:    Overwriting math alphabet `\mathtt' in version `bold'
(Font)                  OT1/cmtt/m/n --> EU1/Monaco(0)/bx/n on input line 92.
LaTeX Font Info:    Try loading font information for U+msa on input line 93.
(/usr/local/texlive/2009/texmf-dist/tex/latex/amsfonts/umsa.fd
File: umsa.fd 2009/06/22 v3.00 AMS symbols A
)
LaTeX Font Info:    Try loading font information for U+msb on input line 93.

(/usr/local/texlive/2009/texmf-dist/tex/latex/amsfonts/umsb.fd
File: umsb.fd 2009/06/22 v3.00 AMS symbols B
)
LaTeX Font Info:    Font shape `EU1/Monaco(0)/m/n' will be
(Font)              scaled to size 9.65994pt on input line 114.
 [1

]
Overfull \hbox (2.10399pt too wide) in paragraph at lines 146--147
\EU1/Georgia(0)/m/n/10.95 Chrome), and go to $[][][][] [] [] [] [][][] [] [] []
 [] [] [] [] [][][][][]$ and then $[][][][] [] [] [] [][][] [] [] [] [] [] [] [
] [][][][] []
 []


Overfull \hbox (5.71346pt too wide) in paragraph at lines 155--156
[]\EU1/Georgia(0)/m/n/10.95 Install the following frameworks from $[][][][] [] 
[] [] [][][] [] [][][][][][][][][] [] [][][]$: \EU1/Monaco(0)/m/n/10.95 UnixIma
geIO,
 []


Overfull \hbox (10.61867pt too wide) in paragraph at lines 155--156
\EU1/Monaco(0)/m/n/10.95 PROJ, GEOS, SQLite3, GDAL\EU1/Georgia(0)/m/n/10.95 . T
here might be a convenience installer []\EU1/Monaco(0)/m/n/10.95 GDAL Complete
 []


Overfull \hbox (20.30298pt too wide) in paragraph at lines 166--168
\EU1/Georgia(0)/m/n/10.95 the example working directory from $[][][][] [] [] []
 [][][] [] [][][][] [] [][] [] [][][][][][] [] [][][][] [] [][][][][][][] [] []
[][][][][] []
 []

[2]
Overfull \hbox (0.70543pt too wide) in paragraph at lines 172--173
\EU1/Georgia(0)/m/n/10.95 all the files publicly accessible over the Web. Usual
ly, these are the HTML and JavaScript
 []


LaTeX Warning: Reference `fig:ex1_layout' on page 3 undefined on input line 183
.

File: figures/ex1_layout.png Graphic file (type QTm)
<use  "figures/ex1_layout.png" >

LaTeX Warning: Reference `fig:ex1_dbstructure' on page 3 undefined on input lin
e 209.


Overfull \hbox (16.45251pt too wide) in paragraph at lines 209--210
\EU1/Georgia(0)/m/n/10.95 to explore the database, e.g. SQLite Database Browser
 available at $[][][][] [] [] [] [][][][][][][][][][][][][] []
 []


Overfull \hbox (0.5833pt too wide) in paragraph at lines 209--210
[][][][][][][][][][][] [] [][][]$ \EU1/Georgia(0)/m/n/10.95 (on Ubuntu install 
by typing \EU1/Monaco(0)/m/n/10.95 sudo apt-get install sqlitebrowser\EU1/Georg
ia(0)/m/n/10.95 )
 []


Overfull \hbox (10.1976pt too wide) in paragraph at lines 209--210
\EU1/Georgia(0)/m/n/10.95 or Sqliteman available at $[][][][] [] [] [] [][][][]
[][][][][] [] [][][]$ (on Ubuntu type \EU1/Monaco(0)/m/n/10.95 sudo apt-get ins
tall
 []

[3]
File: figures/ex1_dbstructure.pdf Graphic file (type QTm)
 <use  "figures/ex1_dbstructure.pdf" > [4]
Overfull \hbox (16.83742pt too wide) in paragraph at lines 231--233
\EU1/Monaco(0)/m/n/10.95 <script type=”text/javascript” src=”../../media/
js/i2maps.js”></script> 
 []

[5] [6]
LaTeX Font Info:    Font shape `EU1/Monaco(0)/m/n' will be
(Font)              scaled to size 7.93968pt on input line 322.
 [7] [8] [9]
Underfull \hbox (badness 10000) in paragraph at lines 420--421

 []


Underfull \hbox (badness 10000) in paragraph at lines 422--423

 []


Overfull \hbox (74.77197pt too wide) in paragraph at lines 435--436
[]\EU1/Georgia(0)/m/n/10.95 Inside the data source Python module, we need to de
fine a subclass of \EU1/Monaco(0)/m/n/10.95 i2maps.datasources.Custom\EU1/Georg
ia(0)/m/n/10.95 ,
 []

[10] (/usr/local/texlive/2009/texmf-dist/tex/latex/listings/lstlang1.sty
File: lstlang1.sty 2004/09/05 1.3 listings language file
)
(/usr/local/texlive/2009/texmf-dist/tex/latex/listings/lstlang1.sty
File: lstlang1.sty 2004/09/05 1.3 listings language file
) [11]
[12] [13] [14] [15] [16]
Overfull \hbox (3.74365pt too wide) in paragraph at lines 713--714
[]\EU1/Georgia(0)/m/n/10.95 For predicting the temperature surface, we are goin
g to write a \EU1/Monaco(0)/m/n/10.95 TemperatureModeller
 []

[17] [18] [19] [20] [21] [22] (./getting_started.aux)

LaTeX Warning: There were undefined references.


LaTeX Warning: Label(s) may have changed. Rerun to get cross-references right.

 ) 
Here is how much of TeX's memory you used:
 7885 strings out of 494665
 122993 string characters out of 3163743
 386800 words of memory out of 3000000
 10999 multiletter control sequences out of 15000+200000
 12263 words of font info for 77 fonts, out of 3000000 for 9000
 669 hyphenation exceptions out of 8191
 35i,6n,74p,1146b,1693s stack positions out of 5000i,500n,10000p,200000b,50000s

Output written on getting_started.pdf (22 pages).
